==31246== Memcheck, a memory error detector
==31246== Copyright (C) 2002-2017, and GNU GPL'd, by Julian Seward et al.
==31246== Using Valgrind-3.13.0 and LibVEX; rerun with -h for copyright info
==31246== Command: ./compiler simple.program
==31246== Parent PID: 11037
==31246== 
==31246== 
==31246== HEAP SUMMARY:
==31246==     in use at exit: 30,371 bytes in 154 blocks
==31246==   total heap usage: 342 allocs, 188 frees, 129,666 bytes allocated
==31246== 
==31246== 114 bytes in 36 blocks are definitely lost in loss record 23 of 56
==31246==    at 0x4C2FB0F: malloc (in /usr/lib/valgrind/vgpreload_memcheck-amd64-linux.so)
==31246==    by 0x58189B9: strdup (strdup.c:42)
==31246==    by 0x40C158: yylex() (scanner.l:76)
==31246==    by 0x4025F8: yyparse() (parser.tab.cpp:1349)
==31246==    by 0x40DF8F: main (driver.cpp:29)
==31246== 
==31246== 240 (144 direct, 96 indirect) bytes in 1 blocks are definitely lost in loss record 39 of 56
==31246==    at 0x4C3017F: operator new(unsigned long) (in /usr/lib/valgrind/vgpreload_memcheck-amd64-linux.so)
==31246==    by 0x404038: yyparse() (parser.ypp:202)
==31246==    by 0x40DF8F: main (driver.cpp:29)
==31246== 
==31246== 960 (576 direct, 384 indirect) bytes in 4 blocks are definitely lost in loss record 51 of 56
==31246==    at 0x4C3017F: operator new(unsigned long) (in /usr/lib/valgrind/vgpreload_memcheck-amd64-linux.so)
==31246==    by 0x402938: yyparse() (parser.ypp:108)
==31246==    by 0x40DF8F: main (driver.cpp:29)
==31246== 
==31246== 2,253 (432 direct, 1,821 indirect) bytes in 3 blocks are definitely lost in loss record 54 of 56
==31246==    at 0x4C3017F: operator new(unsigned long) (in /usr/lib/valgrind/vgpreload_memcheck-amd64-linux.so)
==31246==    by 0x404B81: yyparse() (parser.ypp:263)
==31246==    by 0x40DF8F: main (driver.cpp:29)
==31246== 
==31246== 9,792 (864 direct, 8,928 indirect) bytes in 6 blocks are definitely lost in loss record 55 of 56
==31246==    at 0x4C3017F: operator new(unsigned long) (in /usr/lib/valgrind/vgpreload_memcheck-amd64-linux.so)
==31246==    by 0x404EC5: yyparse() (parser.ypp:292)
==31246==    by 0x40DF8F: main (driver.cpp:29)
==31246== 
==31246== LEAK SUMMARY:
==31246==    definitely lost: 2,130 bytes in 50 blocks
==31246==    indirectly lost: 11,229 bytes in 99 blocks
==31246==      possibly lost: 0 bytes in 0 blocks
==31246==    still reachable: 17,012 bytes in 5 blocks
==31246==         suppressed: 0 bytes in 0 blocks
==31246== Reachable blocks (those to which a pointer was found) are not shown.
==31246== To see them, rerun with: --leak-check=full --show-leak-kinds=all
==31246== 
==31246== For counts of detected and suppressed errors, rerun with: -v
==31246== ERROR SUMMARY: 5 errors from 5 contexts (suppressed: 0 from 0)
